<?xml version="1.0" encoding="UTF-8"?>
<!-- Generated by org.testng.reporters.JUnitReportReporter -->
<testsuite skipped="0" hostname="CBT-MH-000" name="Automationtest.phptravles.Testcase4fs" tests="1" failures="0" timestamp="5 Oct 2019 08:55:37 GMT" time="25.294" errors="0">
  <testcase name="hsmethod" time="25.294" classname="Automationtest.phptravles.Testcase4fs"/>
</testsuite> <!-- Automationtest.phptravles.Testcase4fs -->
