<?xml version="1.0" encoding="UTF-8"?>
<!-- Generated by org.testng.reporters.JUnitReportReporter -->
<testsuite skipped="0" hostname="CBT-MH-000" name="Automationtest.phptravles.Testcase6cs" tests="1" failures="0" timestamp="9 Oct 2019 11:00:42 GMT" time="20.683" errors="0">
  <testcase name="csmethod" time="20.683" classname="Automationtest.phptravles.Testcase6cs"/>
</testsuite> <!-- Automationtest.phptravles.Testcase6cs -->
