<?xml version="1.0" encoding="UTF-8"?>
<!-- Generated by org.testng.reporters.JUnitReportReporter -->
<testsuite skipped="0" hostname="CBT-MH-000" name="Automationtest.phptravles.Testcasets" tests="1" failures="0" timestamp="5 Oct 2019 10:35:52 GMT" time="19.201" errors="0">
  <testcase name="tourmethos" time="19.201" classname="Automationtest.phptravles.Testcasets"/>
</testsuite> <!-- Automationtest.phptravles.Testcasets -->
