<?xml version="1.0" encoding="UTF-8"?>
<!-- Generated by org.testng.reporters.JUnitReportReporter -->
<testsuite skipped="0" hostname="CBT-MH-000" name="Automationtest.phptravles.Testcase3hs" tests="1" failures="0" timestamp="11 Oct 2019 08:32:00 GMT" time="21.715" errors="0">
  <testcase name="hsmethod" time="21.715" classname="Automationtest.phptravles.Testcase3hs"/>
</testsuite> <!-- Automationtest.phptravles.Testcase3hs -->
