<?xml version="1.0" encoding="UTF-8"?>
<!-- Generated by org.testng.reporters.JUnitReportReporter -->
<testsuite skipped="0" hostname="CBT-MH-000" name="Automationtest.phptravles.Testcase7tb" tests="1" failures="0" timestamp="11 Oct 2019 07:17:09 GMT" time="28.734" errors="0">
  <testcase name="tourmethos" time="28.734" classname="Automationtest.phptravles.Testcase7tb"/>
</testsuite> <!-- Automationtest.phptravles.Testcase7tb -->
